<?xml version="1.0" encoding="UTF-8"?>
<testng-results skipped="0" failed="1" total="2" passed="1">
  <reporter-output>
  </reporter-output>
  <suite name="Default suite" duration-ms="9896" started-at="2021-07-19T16:18:08Z" finished-at="2021-07-19T16:18:18Z">
    <groups>
    </groups>
    <test name="Default test" duration-ms="9896" started-at="2021-07-19T16:18:08Z" finished-at="2021-07-19T16:18:18Z">
      <class name="valedateCompare.Script">
        <test-method status="PASS" signature="beforetest()[pri:0, instance:valedateCompare.Script@38c5cc4c]" name="beforetest" is-config="true" duration-ms="5177" started-at="2021-07-19T12:18:08Z" finished-at="2021-07-19T12:18:13Z">
          <reporter-output>
          </reporter-output>
        </test-method> <!-- beforetest -->
        <test-method status="PASS" signature="test()[pri:1, instance:valedateCompare.Script@38c5cc4c]" name="test" duration-ms="416" started-at="2021-07-19T12:18:13Z" finished-at="2021-07-19T12:18:13Z">
          <reporter-output>
          </reporter-output>
        </test-method> <!-- test -->
        <test-method status="FAIL" signature="testlinkTerms()[pri:2, instance:valedateCompare.Script@38c5cc4c]" name="testlinkTerms" duration-ms="176" started-at="2021-07-19T12:18:13Z" finished-at="2021-07-19T12:18:13Z">
          <exception class="java.lang.AssertionError">
            <message>
              <![CDATA[expected [https://www.flickr.com/help/terms] but found [https://identity.flickr.com/sign-up]]]>
            </message>
            <full-stacktrace>
              <![CDATA[java.lang.AssertionError: expected [https://www.flickr.com/help/terms] but found [https://identity.flickr.com/sign-up]
	at org.testng.Assert.fail(Assert.java:94)
	at org.testng.Assert.failNotEquals(Assert.java:496)
	at org.testng.Assert.assertEquals(Assert.java:125)
	at org.testng.Assert.assertEquals(Assert.java:178)
	at org.testng.Assert.assertEquals(Assert.java:188)
	at valedateCompare.Script.testlinkTerms(Script.java:76)
	at sun.reflect.NativeMethodAccessorImpl.invoke0(Native Method)
	at sun.reflect.NativeMethodAccessorImpl.invoke(Unknown Source)
	at sun.reflect.DelegatingMethodAccessorImpl.invoke(Unknown Source)
	at java.lang.reflect.Method.invoke(Unknown Source)
	at org.testng.internal.MethodInvocationHelper.invokeMethod(MethodInvocationHelper.java:85)
	at org.testng.internal.Invoker.invokeMethod(Invoker.java:639)
	at org.testng.internal.Invoker.invokeTestMethod(Invoker.java:816)
	at org.testng.internal.Invoker.invokeTestMethods(Invoker.java:1124)
	at org.testng.internal.TestMethodWorker.invokeTestMethods(TestMethodWorker.java:125)
	at org.testng.internal.TestMethodWorker.run(TestMethodWorker.java:108)
	at org.testng.TestRunner.privateRun(TestRunner.java:774)
	at org.testng.TestRunner.run(TestRunner.java:624)
	at org.testng.SuiteRunner.runTest(SuiteRunner.java:359)
	at org.testng.SuiteRunner.runSequentially(SuiteRunner.java:354)
	at org.testng.SuiteRunner.privateRun(SuiteRunner.java:312)
	at org.testng.SuiteRunner.run(SuiteRunner.java:261)
	at org.testng.SuiteRunnerWorker.runSuite(SuiteRunnerWorker.java:52)
	at org.testng.SuiteRunnerWorker.run(SuiteRunnerWorker.java:86)
	at org.testng.TestNG.runSuitesSequentially(TestNG.java:1215)
	at org.testng.TestNG.runSuitesLocally(TestNG.java:1140)
	at org.testng.TestNG.run(TestNG.java:1048)
	at org.testng.remote.AbstractRemoteTestNG.run(AbstractRemoteTestNG.java:115)
	at org.testng.remote.RemoteTestNG.initAndRun(RemoteTestNG.java:251)
	at org.testng.remote.RemoteTestNG.main(RemoteTestNG.java:77)
]]>
            </full-stacktrace>
          </exception> <!-- java.lang.AssertionError -->
          <reporter-output>
          </reporter-output>
        </test-method> <!-- testlinkTerms -->
        <test-method status="PASS" signature="aftertest()[pri:0, instance:valedateCompare.Script@38c5cc4c]" name="aftertest" is-config="true" duration-ms="4084" started-at="2021-07-19T12:18:13Z" finished-at="2021-07-19T12:18:18Z">
          <reporter-output>
          </reporter-output>
        </test-method> <!-- aftertest -->
      </class> <!-- valedateCompare.Script -->
    </test> <!-- Default test -->
  </suite> <!-- Default suite -->
</testng-results>
