<!DOCTYPE html PUBLIC "-//W3C//DTD XHTML 1.1//EN" "http://www.w3.org/TR/xhtml11/DTD/xhtml11.dtd">
<html xmlns="http://www.w3.org/1999/xhtml"><head><title>TestNG Report</title><style type="text/css">table {margin-bottom:10px;border-collapse:collapse;empty-cells:show}th,td {border:1px solid #009;padding:.25em .5em}th {vertical-align:bottom}td {vertical-align:top}table a {font-weight:bold}.stripe td {background-color: #E6EBF9}.num {text-align:right}.passedodd td {background-color: #3F3}.passedeven td {background-color: #0A0}.skippedodd td {background-color: #DDD}.skippedeven td {background-color: #CCC}.failedodd td,.attn {background-color: #F33}.failedeven td,.stripe .attn {background-color: #D00}.stacktrace {white-space:pre;font-family:monospace}.totop {font-size:85%;text-align:center;border-bottom:2px solid #000}</style></head><body><table><tr><th>Test</th><th># Passed</th><th># Skipped</th><th># Failed</th><th>Time (ms)</th><th>Included Groups</th><th>Excluded Groups</th></tr><tr><th colspan="7">Regression Testing1234</th></tr><tr><td><a href="#t0">Mercurytours,PhpTravels,Yahoologin Test Suite</a></td><td class="num">6</td><td class="num">0</td><td class="num attn">3</td><td class="num">47,870</td><td></td><td></td></tr></table><table><thead><tr><th>Class</th><th>Method</th><th>Start</th><th>Time (ms)</th></tr></thead><tbody><tr><th colspan="4">Regression Testing1234</th></tr></tbody><tbody id="t0"><tr><th colspan="4">Mercurytours,PhpTravels,Yahoologin Test Suite &#8212; failed</th></tr><tr class="failedeven"><td rowspan="3">yahooValidateSignUp.ValidateSignUp</td><td><a href="#m0">validateDate</a></td><td rowspan="1">1578555223673</td><td rowspan="1">29</td></tr><tr class="failedeven"><td><a href="#m1">validateYahoo</a></td><td rowspan="1">1578555224130</td><td rowspan="1">53</td></tr><tr class="failedeven"><td><a href="#m2">validateYear</a></td><td rowspan="1">1578555224184</td><td rowspan="1">19</td></tr><tr><th colspan="4">Mercurytours,PhpTravels,Yahoologin Test Suite &#8212; passed</th></tr><tr class="passedeven"><td rowspan="6">yahooValidateSignUp.ValidateSignUp</td><td><a href="#m3">validateEmailAddress</a></td><td rowspan="1">1578555223714</td><td rowspan="1">110</td></tr><tr class="passedeven"><td><a href="#m4">validateFirstName</a></td><td rowspan="1">1578555223825</td><td rowspan="1">63</td></tr><tr class="passedeven"><td><a href="#m5">validateLastName</a></td><td rowspan="1">1578555223889</td><td rowspan="1">60</td></tr><tr class="passedeven"><td><a href="#m6">validateMobileNumber</a></td><td rowspan="1">1578555223949</td><td rowspan="1">80</td></tr><tr class="passedeven"><td><a href="#m7">validateMonth</a></td><td rowspan="1">1578555224030</td><td rowspan="1">27</td></tr><tr class="passedeven"><td><a href="#m8">validatePassWard</a></td><td rowspan="1">1578555224058</td><td rowspan="1">71</td></tr></tbody></table><h2>Mercurytours,PhpTravels,Yahoologin Test Suite</h2><h3 id="m0">yahooValidateSignUp.ValidateSignUp#validateDate</h3><table class="result"><tr><th>Exception</th></tr><tr><td><div class="stacktrace">org.openqa.selenium.NoSuchElementException: no such element: Unable to locate element: {&quot;method&quot;:&quot;id&quot;,&quot;selector&quot;:&quot;id=&quot;usernamereg-day&quot;&quot;}
  (Session info: chrome=79.0.3945.117)
  (Driver info: chromedriver=78.0.3904.105 (60e2d8774a8151efa6a00b1f358371b1e0e07ee2-refs/branch-heads/3904@{#877}),platform=Windows NT 10.0.18362 x86_64) (WARNING: The server did not provide any stacktrace information)
Command duration or timeout: 17 milliseconds
For documentation on this error, please visit: http://seleniumhq.org/exceptions/no_such_element.html
Build info: version: &apos;2.53.0&apos;, revision: &apos;35ae25b&apos;, time: &apos;2016-03-15 16:57:40&apos;
System info: host: &apos;DESKTOP-RDP6H5E&apos;, ip: &apos;10.0.0.167&apos;, os.name: &apos;Windows 10&apos;, os.arch: &apos;amd64&apos;, os.version: &apos;10.0&apos;, java.version: &apos;1.8.0_231&apos;
Driver info: org.openqa.selenium.chrome.ChromeDriver
Capabilities [{mobileEmulationEnabled=false, timeouts={implicit=0, pageLoad=300000, script=30000}, hasTouchScreen=false, platform=XP, acceptSslCerts=false, goog:chromeOptions={debuggerAddress=localhost:57664}, acceptInsecureCerts=false, webStorageEnabled=true, browserName=chrome, takesScreenshot=true, javascriptEnabled=true, setWindowRect=true, unexpectedAlertBehaviour=ignore, applicationCacheEnabled=false, rotatable=false, networkConnectionEnabled=false, chrome={chromedriverVersion=78.0.3904.105 (60e2d8774a8151efa6a00b1f358371b1e0e07ee2-refs/branch-heads/3904@{#877}), userDataDir=C:\Users\syeds\AppData\Local\Temp\scoped_dir11432_489274373}, takesHeapSnapshot=true, pageLoadStrategy=normal, strictFileInteractability=false, databaseEnabled=false, handlesAlerts=true, version=79.0.3945.117, browserConnectionEnabled=false, proxy={}, nativeEvents=true, locationContextEnabled=true, cssSelectorsEnabled=true}]
Session ID: b207402410d56e63c808685349e1efb6
*** Element info: {Using=id, value=id=&quot;usernamereg-day&quot;}
	at org.openqa.selenium.remote.ErrorHandler.createThrowable(ErrorHandler.java:206)
	at org.openqa.selenium.remote.ErrorHandler.throwIfResponseFailed(ErrorHandler.java:158)
	at org.openqa.selenium.remote.RemoteWebDriver.execute(RemoteWebDriver.java:678)
	at org.openqa.selenium.remote.RemoteWebDriver.findElement(RemoteWebDriver.java:363)
	at org.openqa.selenium.remote.RemoteWebDriver.findElementById(RemoteWebDriver.java:413)
	at org.openqa.selenium.By$ById.findElement(By.java:218)
	at org.openqa.selenium.remote.RemoteWebDriver.findElement(RemoteWebDriver.java:355)
	at yahooValidateLogin.LohInHomePage.getDropdownDate(LohInHomePage.java:68)
	at yahooValidateSignUp.ValidateSignUp.validateDate(ValidateSignUp.java:106)
... Removed 28 stack frames</div></td></tr></table><p class="totop"><a href="#summary">back to summary</a></p><h3 id="m1">yahooValidateSignUp.ValidateSignUp#validateYahoo</h3><table class="result"><tr><th>Exception</th></tr><tr><td><div class="stacktrace">java.lang.AssertionError: expected [Yahoo] but found []
	at yahooValidateSignUp.ValidateSignUp.validateYahoo(ValidateSignUp.java:137)
... Removed 29 stack frames</div></td></tr></table><p class="totop"><a href="#summary">back to summary</a></p><h3 id="m2">yahooValidateSignUp.ValidateSignUp#validateYear</h3><table class="result"><tr><th>Exception</th></tr><tr><td><div class="stacktrace">org.openqa.selenium.InvalidSelectorException: invalid selector: Unable to locate an element with the xpath expression //*[@id=\&quot;usernamereg-year\&quot;] because of the following error:
SyntaxError: Failed to execute &apos;evaluate&apos; on &apos;Document&apos;: The string &apos;//*[@id=\&quot;usernamereg-year\&quot;]&apos; is not a valid XPath expression.
  (Session info: chrome=79.0.3945.117)
  (Driver info: chromedriver=78.0.3904.105 (60e2d8774a8151efa6a00b1f358371b1e0e07ee2-refs/branch-heads/3904@{#877}),platform=Windows NT 10.0.18362 x86_64) (WARNING: The server did not provide any stacktrace information)
Command duration or timeout: 17 milliseconds
For documentation on this error, please visit: http://seleniumhq.org/exceptions/invalid_selector_exception.html
Build info: version: &apos;2.53.0&apos;, revision: &apos;35ae25b&apos;, time: &apos;2016-03-15 16:57:40&apos;
System info: host: &apos;DESKTOP-RDP6H5E&apos;, ip: &apos;10.0.0.167&apos;, os.name: &apos;Windows 10&apos;, os.arch: &apos;amd64&apos;, os.version: &apos;10.0&apos;, java.version: &apos;1.8.0_231&apos;
Driver info: org.openqa.selenium.chrome.ChromeDriver
Capabilities [{mobileEmulationEnabled=false, timeouts={implicit=0, pageLoad=300000, script=30000}, hasTouchScreen=false, platform=XP, acceptSslCerts=false, goog:chromeOptions={debuggerAddress=localhost:57664}, acceptInsecureCerts=false, webStorageEnabled=true, browserName=chrome, takesScreenshot=true, javascriptEnabled=true, setWindowRect=true, unexpectedAlertBehaviour=ignore, applicationCacheEnabled=false, rotatable=false, networkConnectionEnabled=false, chrome={chromedriverVersion=78.0.3904.105 (60e2d8774a8151efa6a00b1f358371b1e0e07ee2-refs/branch-heads/3904@{#877}), userDataDir=C:\Users\syeds\AppData\Local\Temp\scoped_dir11432_489274373}, takesHeapSnapshot=true, pageLoadStrategy=normal, strictFileInteractability=false, databaseEnabled=false, handlesAlerts=true, version=79.0.3945.117, browserConnectionEnabled=false, proxy={}, nativeEvents=true, locationContextEnabled=true, cssSelectorsEnabled=true}]
Session ID: b207402410d56e63c808685349e1efb6
*** Element info: {Using=xpath, value=//*[@id=\&quot;usernamereg-year\&quot;]}
	at org.openqa.selenium.remote.ErrorHandler.createThrowable(ErrorHandler.java:206)
	at org.openqa.selenium.remote.ErrorHandler.throwIfResponseFailed(ErrorHandler.java:158)
	at org.openqa.selenium.remote.RemoteWebDriver.execute(RemoteWebDriver.java:678)
	at org.openqa.selenium.remote.RemoteWebDriver.findElement(RemoteWebDriver.java:363)
	at org.openqa.selenium.remote.RemoteWebDriver.findElementByXPath(RemoteWebDriver.java:500)
	at org.openqa.selenium.By$ByXPath.findElement(By.java:361)
	at org.openqa.selenium.remote.RemoteWebDriver.findElement(RemoteWebDriver.java:355)
	at yahooValidateLogin.LohInHomePage.getDropdownYear(LohInHomePage.java:76)
	at yahooValidateSignUp.ValidateSignUp.validateYear(ValidateSignUp.java:116)
... Removed 28 stack frames</div></td></tr></table><p class="totop"><a href="#summary">back to summary</a></p><h3 id="m3">yahooValidateSignUp.ValidateSignUp#validateEmailAddress</h3><table class="result"></table><p class="totop"><a href="#summary">back to summary</a></p><h3 id="m4">yahooValidateSignUp.ValidateSignUp#validateFirstName</h3><table class="result"></table><p class="totop"><a href="#summary">back to summary</a></p><h3 id="m5">yahooValidateSignUp.ValidateSignUp#validateLastName</h3><table class="result"></table><p class="totop"><a href="#summary">back to summary</a></p><h3 id="m6">yahooValidateSignUp.ValidateSignUp#validateMobileNumber</h3><table class="result"></table><p class="totop"><a href="#summary">back to summary</a></p><h3 id="m7">yahooValidateSignUp.ValidateSignUp#validateMonth</h3><table class="result"></table><p class="totop"><a href="#summary">back to summary</a></p><h3 id="m8">yahooValidateSignUp.ValidateSignUp#validatePassWard</h3><table class="result"></table><p class="totop"><a href="#summary">back to summary</a></p></body></html>